Arguments: 
  /home/nicholas/.nvm/versions/node/v14.19.1/bin/node /mnt/c/Program Files/nodejs/node_modules/yarn/bin/yarn.js add express

PATH: 
  /home/nicholas/.nvm/versions/node/v14.19.1/bin:/usr/local/sbin:/usr/local/bin:/usr/sbin:/usr/bin:/sbin:/bin:/usr/games:/usr/local/games:/usr/lib/wsl/lib:/mnt/c/WINDOWS/system32:/mnt/c/WINDOWS:/mnt/c/WINDOWS/System32/Wbem:/mnt/c/WINDOWS/System32/WindowsPowerShell/v1.0/:/mnt/c/WINDOWS/System32/OpenSSH/:/mnt/c/Program Files/Git/cmd:/mnt/c/Program Files/Docker/Docker/resources/bin:/mnt/c/Users/nicho/AppData/Local/Programs/Python/Python311/Scripts/:/mnt/c/Users/nicho/AppData/Local/Programs/Python/Python311/:/mnt/c/Users/nicho/AppData/Local/Microsoft/WindowsApps:/mnt/c/Users/nicho/AppData/Local/Programs/Microsoft VS Code/bin:/mnt/c/Users/nicho/AppData/Roaming/nvm:/mnt/c/Program Files/nodejs:/snap/bin

Yarn version: 
  1.22.19

Node version: 
  14.19.1

Platform: 
  linux x64

Trace: 
  Error: ENOENT: no such file or directory, scandir '/mnt/c/Users/nicho/Projects/minesweeper-clone/node_modules'

npm manifest: 
  {
    "name": "minesweeper-clone",
    "version": "1.0.0",
    "main": "index.js",
    "repository": "git@github.com:nicholas1301/minesweeper-clone.git",
    "author": "nicholas <nicholas.ge1301@gmail.com>",
    "license": "MIT"
  }

yarn manifest: 
  No manifest

Lockfile: 
  No lockfile
